[0m[[0m[0mdebug[0m] [0m[0mRunning TaskDef(malwaresimulator.engine.FirewallTest, org.scalatest.tools.Framework$$anon$1@7853ccfa, false, [SuiteSelector])[0m
[0m[[0m[0mdebug[0m] [0m[0mRunning TaskDef(malwaresimulator.MalwareSimulatorSupervisorTest, org.scalatest.tools.Framework$$anon$1@7853ccfa, false, [SuiteSelector])[0m
[0m[[0m[0mdebug[0m] [0m[0mRunning TaskDef(malwaresimulator.gRPCTest, org.scalatest.tools.Framework$$anon$1@7853ccfa, false, [SuiteSelector])[0m
[0m[[0m[0minfo[0m] [0m[0m[32mMalwareSimulatorSupervisorTest:[0m[0m
[0m[[0m[0minfo[0m] [0m[0m[32mMalwareSimulatorSuperVisor actor[0m[0m
[0m[[0m[0minfo[0m] [0m[0m[32m- must reply WholeNetwork for ShowNet[0m[0m
[0m[[0m[0minfo[0m] [0m[0m[32mFirewallTest:[0m[0m
[0m[[0m[0minfo[0m] [0m[0m[31m- Firewall actor *** FAILED ***[0m[0m
[0m[[0m[0minfo[0m] [0m[0m[31m  a "must" clause may not appear inside an "in" clause (FirewallTest.scala:15)[0m[0m
[0m[[0m[0minfo[0m] [0m[0m[32mgRPCTest:[0m[0m
[0m[[0m[0minfo[0m] [0m[0m[32mMalwareSimulatorServer[0m[0m
[0m[[0m[0minfo[0m] [0m[0m[31m- should reply to single request *** FAILED ***[0m[0m
[0m[[0m[0minfo[0m] [0m[0m[31m  A timeout occurred waiting for a future to complete. Queried 50 times, sleeping 100000000 nanoseconds between each query. (gRPCTest.scala:33)[0m[0m
[0m[[0m[0minfo[0m] [0m[0m[36mRun completed in 8 seconds, 642 milliseconds.[0m[0m
[0m[[0m[0minfo[0m] [0m[0m[36mTotal number of tests run: 3[0m[0m
[0m[[0m[0minfo[0m] [0m[0m[36mSuites: completed 3, aborted 0[0m[0m
[0m[[0m[0minfo[0m] [0m[0m[36mTests: succeeded 1, failed 2, canceled 0, ignored 0, pending 0[0m[0m
[0m[[0m[0minfo[0m] [0m[0m[31m*** 2 TESTS FAILED ***[0m[0m
[0m[[0m[0mdebug[0m] [0m[0mPassed tests:[0m
[0m[[0m[0mdebug[0m] [0m[0m	malwaresimulator.MalwareSimulatorSupervisorTest[0m
[0m[[0m[31merror[0m] [0m[0mFailed tests:[0m
[0m[[0m[31merror[0m] [0m[0m	malwaresimulator.engine.FirewallTest[0m
[0m[[0m[31merror[0m] [0m[0m	malwaresimulator.gRPCTest[0m
[0m[[0m[31merror[0m] [0m[0m(Test / [31mtest[0m) sbt.TestsFailedException: Tests unsuccessful[0m
